\BOOKMARK [1][-]{section.1}{\376\377\000I\000n\000t\000r\000o\000d\000u\000c\000t\000i\000o\000n}{}% 1
\BOOKMARK [1][-]{section.2}{\376\377\000D\000a\000t\000a}{}% 2
\BOOKMARK [2][-]{subsection.2.1}{\376\377\000W\000h\000y\000\040\000S\000y\000n\000t\000h\000e\000t\000i\000c\000\040\000D\000a\000t\000a}{section.2}% 3
\BOOKMARK [2][-]{subsection.2.2}{\376\377\000D\000a\000t\000a\000s\000e\000t\000\040\000D\000e\000s\000i\000g\000n\000\040\000a\000n\000d\000\040\000G\000e\000n\000e\000r\000a\000t\000i\000o\000n}{section.2}% 4
\BOOKMARK [2][-]{subsection.2.3}{\376\377\000D\000a\000t\000a\000s\000e\000t\000\040\000V\000e\000r\000s\000i\000o\000n\000i\000n\000g\000\040\000a\000n\000d\000\040\000Q\000u\000a\000l\000i\000t\000y\000\040\000V\000a\000l\000i\000d\000a\000t\000i\000o\000n}{section.2}% 5
\BOOKMARK [1][-]{section.3}{\376\377\000M\000e\000t\000h\000o\000d\000o\000l\000o\000g\000y}{}% 6
\BOOKMARK [2][-]{subsection.3.1}{\376\377\000T\000a\000s\000k\000\040\000F\000o\000r\000m\000u\000l\000a\000t\000i\000o\000n}{section.3}% 7
\BOOKMARK [2][-]{subsection.3.2}{\376\377\000B\000a\000s\000e\000l\000i\000n\000e\000s}{section.3}% 8
\BOOKMARK [2][-]{subsection.3.3}{\376\377\000F\000i\000n\000e\000-\000T\000u\000n\000e\000d\000\040\000D\000e\000B\000E\000R\000T\000a\000-\000v\0003\000-\000b\000a\000s\000e}{section.3}% 9
\BOOKMARK [2][-]{subsection.3.4}{\376\377\000E\000v\000a\000l\000u\000a\000t\000i\000o\000n\000\040\000M\000e\000t\000r\000i\000c\000s}{section.3}% 10
\BOOKMARK [1][-]{section.4}{\376\377\000R\000e\000s\000u\000l\000t\000s\000\040\000\046\000\040\000E\000v\000a\000l\000u\000a\000t\000i\000o\000n}{}% 11
\BOOKMARK [2][-]{subsection.4.1}{\376\377\000O\000v\000e\000r\000a\000l\000l\000\040\000M\000o\000d\000e\000l\000\040\000C\000o\000m\000p\000a\000r\000i\000s\000o\000n}{section.4}% 12
\BOOKMARK [2][-]{subsection.4.2}{\376\377\000D\000a\000t\000a\000s\000e\000t\000\040\000V\000e\000r\000s\000i\000o\000n\000i\000n\000g\000\040\000w\000i\000t\000h\000\040\000D\000e\000B\000E\000R\000T\000a\000-\000v\0003}{section.4}% 13
\BOOKMARK [2][-]{subsection.4.3}{\376\377\000T\000r\000a\000i\000n\000i\000n\000g\000\040\000D\000y\000n\000a\000m\000i\000c\000s\000\040\040\023\000\040\000R\000u\000n\000\040\0008}{section.4}% 14
\BOOKMARK [2][-]{subsection.4.4}{\376\377\000C\000o\000n\000f\000u\000s\000i\000o\000n\000\040\000S\000t\000r\000u\000c\000t\000u\000r\000e}{section.4}% 15
\BOOKMARK [1][-]{section.5}{\376\377\000C\000o\000n\000t\000r\000a\000s\000t\000i\000v\000e\000\040\000E\000r\000r\000o\000r\000\040\000A\000n\000a\000l\000y\000s\000i\000s}{}% 16
\BOOKMARK [2][-]{subsection.5.1}{\376\377\000D\000u\000a\000l\000-\000H\000e\000a\000d\000\040\000A\000c\000c\000u\000r\000a\000c\000y\000\040\000C\000o\000m\000p\000a\000r\000i\000s\000o\000n}{section.5}% 17
\BOOKMARK [2][-]{subsection.5.2}{\376\377\000U\000r\000g\000e\000n\000c\000y\000\040\000H\000e\000a\000d\000\040\000A\000n\000a\000l\000y\000s\000i\000s}{section.5}% 18
\BOOKMARK [2][-]{subsection.5.3}{\376\377\000E\000m\000o\000t\000i\000o\000n\000\040\000H\000e\000a\000d\000\040\000A\000n\000a\000l\000y\000s\000i\000s}{section.5}% 19
\BOOKMARK [2][-]{subsection.5.4}{\376\377\000A\000d\000v\000e\000r\000s\000a\000r\000i\000a\000l\000\040\000S\000t\000r\000e\000s\000s\000\040\000T\000e\000s\000t\000i\000n\000g}{section.5}% 20
\BOOKMARK [1][-]{section.6}{\376\377\000L\000i\000m\000i\000t\000a\000t\000i\000o\000n\000s}{}% 21
\BOOKMARK [1][-]{section.7}{\376\377\000C\000o\000n\000c\000l\000u\000s\000i\000o\000n}{}% 22
\BOOKMARK [1][-]{appendix.A}{\376\377\000A\000d\000v\000e\000r\000s\000a\000r\000i\000a\000l\000\040\000S\000t\000r\000e\000s\000s\000\040\000T\000e\000s\000t\000\040\000O\000u\000t\000c\000o\000m\000e\000s}{}% 23
\BOOKMARK [1][-]{appendix.B}{\376\377\000T\000r\000a\000i\000n\000i\000n\000g\000\040\000R\000u\000n\000\040\000H\000y\000p\000e\000r\000p\000a\000r\000a\000m\000e\000t\000e\000r\000s}{}% 24
\BOOKMARK [1][-]{appendix.C}{\376\377\000S\000c\000e\000n\000a\000r\000i\000o\000-\000U\000r\000g\000e\000n\000c\000y\000\040\000A\000f\000f\000i\000n\000i\000t\000y\000\040\000M\000a\000t\000r\000i\000x}{}% 25
\BOOKMARK [1][-]{appendix.D}{\376\377\000M\000e\000t\000a\000d\000a\000t\000a\000\040\000C\000o\000v\000e\000r\000a\000g\000e}{}% 26
\BOOKMARK [1][-]{appendix.E}{\376\377\000W\000r\000i\000t\000i\000n\000g\000\040\000S\000t\000y\000l\000e\000\040\040\023\000\040\000E\000m\000o\000t\000i\000o\000n\000\040\000I\000n\000d\000e\000p\000e\000n\000d\000e\000n\000c\000e}{}% 27
\BOOKMARK [1][-]{appendix.F}{\376\377\000T\000e\000x\000t\000\040\000L\000e\000n\000g\000t\000h\000\040\000a\000n\000d\000\040\000T\000o\000k\000e\000n\000\040\000T\000r\000u\000n\000c\000a\000t\000i\000o\000n}{}% 28
